
Showing logs for build [32mcb-kubecd-bdd-gh-1583398373-pr-lp9jk-1[0m stage [32mfrom-build-pack[0m and container [32mstep-credential-initializer-82lf6[0m
{"level":"warn","ts":1583399860.0449417,"logger":"fallback-logger","caller":"logging/config.go:69","msg":"Fetch GitHub commit ID from kodata failed: \"ref: refs/heads/0.8.0-**-support-backwards-incompats\" is not a valid GitHub commit ID"}
{"level":"info","ts":1583399860.0473542,"logger":"fallback-logger","caller":"creds-init/main.go:40","msg":"Credentials initialized."}

Showing logs for build [32mcb-kubecd-bdd-gh-1583398373-pr-lp9jk-1[0m stage [32mfrom-build-pack[0m and container [32mstep-working-dir-initializer-2j7nv[0m
{"level":"warn","ts":1583399860.9985356,"logger":"fallback-logger","caller":"logging/config.go:69","msg":"Fetch GitHub commit ID from kodata failed: open /var/run/ko/HEAD: no such file or directory"}
{"level":"info","ts":1583399861.0005379,"logger":"fallback-logger","caller":"bash/main.go:64","msg":"Successfully executed command \"sh -c mkdir -p /workspace/source\"; output "}

Showing logs for build [32mcb-kubecd-bdd-gh-1583398373-pr-lp9jk-1[0m stage [32mfrom-build-pack[0m and container [32mstep-place-tools[0m

Showing logs for build [32mcb-kubecd-bdd-gh-1583398373-pr-lp9jk-1[0m stage [32mfrom-build-pack[0m and container [32mstep-git-source-cb-kubecd-bdd-gh-1583398373-pr-lp9jk-q79vh[0m
{"level":"warn","ts":1583399870.1189816,"logger":"fallback-logger","caller":"logging/config.go:69","msg":"Fetch GitHub commit ID from kodata failed: \"ref: refs/heads/0.8.0-**-support-backwards-incompats\" is not a valid GitHub commit ID"}
{"level":"info","ts":1583399871.2716196,"logger":"fallback-logger","caller":"git/git.go:103","msg":"Successfully cloned https://github.com/cb-kubecd/bdd-gh-1583398373.git @ master in path /workspace/source"}

Showing logs for build [32mcb-kubecd-bdd-gh-1583398373-pr-lp9jk-1[0m stage [32mfrom-build-pack[0m and container [32mstep-git-merge[0m
Using SHAs from PULL_REFS=master:699ec0234432c2ab1f145b5ba5e585537b8b392c,1:0af18643ba5cb9bbe29fa69a1c897ebe7c3893f8
DEBUG: LC_ALL=C JX_LOG_LEVEL=error git fetch origin --unshallow 0af18643ba5cb9bbe29fa69a1c897ebe7c3893f8: 699ec0234432c2ab1f145b5ba5e585537b8b392c:
DEBUG: ran git fetch --unshallow origin 0af18643ba5cb9bbe29fa69a1c897ebe7c3893f8: 699ec0234432c2ab1f145b5ba5e585537b8b392c: in 
DEBUG: LC_ALL=C JX_LOG_LEVEL=error git branch
DEBUG: LC_ALL=C JX_LOG_LEVEL=error git checkout master
DEBUG: ran git checkout master in 
DEBUG: LC_ALL=C JX_LOG_LEVEL=error git reset --hard 699ec0234432c2ab1f145b5ba5e585537b8b392c
DEBUG: ran git reset --hard 699ec0234432c2ab1f145b5ba5e585537b8b392c in 
DEBUG: LC_ALL=C JX_LOG_LEVEL=error git clean -fd .
DEBUG: ran clean --force -d . in 
DEBUG: JX_LOG_LEVEL=error LC_ALL=C git merge 0af18643ba5cb9bbe29fa69a1c897ebe7c3893f8
DEBUG: ran git merge 0af18643ba5cb9bbe29fa69a1c897ebe7c3893f8 in 
DEBUG: LC_ALL=C JX_LOG_LEVEL=error git log --format=%H%x1f%an%x1f%ae%x1f%cn%x1f%ce%x1f%s%n%b%x1e 699ec0234432c2ab1f145b5ba5e585537b8b392c..HEAD
Merged SHA 0af18643ba5cb9bbe29fa69a1c897ebe7c3893f8 with commit message 'My first PR commit' into base branch master

Showing logs for build [32mcb-kubecd-bdd-gh-1583398373-pr-lp9jk-1[0m stage [32mfrom-build-pack[0m and container [32mstep-build-make-linux[0m
CGO_ENABLED=0 GOOS=linux GOARCH=amd64 GO15VENDOREXPERIMENT=1 go build -ldflags '' -o bin/bdd-gh-1583398373 main.go

Showing logs for build [32mcb-kubecd-bdd-gh-1583398373-pr-lp9jk-1[0m stage [32mfrom-build-pack[0m and container [32mstep-build-container-build[0m
[36mINFO[0m[0000] No base image, nothing to extract            
[36mINFO[0m[0000] cmd: EXPOSE                                  
[36mINFO[0m[0000] Adding exposed port: 8080/tcp                
[36mINFO[0m[0000] Using files from context: [/workspace/source/bin] 
[36mINFO[0m[0000] Skipping unpacking as no commands require it. 
[36mINFO[0m[0000] Taking snapshot of full filesystem...        
[36mINFO[0m[0000] EXPOSE 8080                                  
[36mINFO[0m[0000] cmd: EXPOSE                                  
[36mINFO[0m[0000] Adding exposed port: 8080/tcp                
[36mINFO[0m[0000] No files changed in this command, skipping snapshotting. 
[36mINFO[0m[0000] ENTRYPOINT ["/bdd-gh-1583398373"]            
[36mINFO[0m[0000] No files changed in this command, skipping snapshotting. 
[36mINFO[0m[0000] Using files from context: [/workspace/source/bin] 
[36mINFO[0m[0000] COPY ./bin/ /                                
[36mINFO[0m[0000] Taking snapshot of files...                  
2020/03/05 09:18:08 pushed blob: sha256:6ed83d3ce295d7952174a8f9bf4359d55cc5b254f11605507ad80e2bf0998a93
2020/03/05 09:18:09 pushed blob: sha256:e752de9d6bfa5a541c566c6e29b33e751df407aa36d8109658c37956229bd6f2
2020/03/05 09:18:10 gcr.io/jenkins-x-bdd3/bdd-gh-1583398373:0.0.0-SNAPSHOT-PR-1-1: digest: sha256:3cc45687f39373184d0caf8fb4219a4efbad0736c08d8fb47d2772cf765126af size: 428

Showing logs for build [32mcb-kubecd-bdd-gh-1583398373-pr-lp9jk-1[0m stage [32mfrom-build-pack[0m and container [32mstep-postbuild-post-build[0m
no CVE provider running in the current ** namespace so skip adding image to be analysed

Showing logs for build [32mcb-kubecd-bdd-gh-1583398373-pr-lp9jk-1[0m stage [32mfrom-build-pack[0m and container [32mstep-promote-make-preview[0m
sed -i -e "s/version:.*/version: 0.0.0-SNAPSHOT-PR-1-1/" Chart.yaml
sed -i -e "s/version:.*/version: 0.0.0-SNAPSHOT-PR-1-1/" ../*/Chart.yaml
sed -i -e "s|repository:.*|repository: gcr.io\/jenkins-x-bdd3\/bdd-gh-1583398373|" values.yaml
sed -i -e "s/tag:.*/tag: 0.0.0-SNAPSHOT-PR-1-1/" values.yaml
echo "  version: 0.0.0-SNAPSHOT-PR-1-1" >> requirements.yaml
** step helm build
WARNING: No $CHART_REPOSITORY defined so using the default value of: http://jenkins-x-chartmuseum:8080
Adding missing Helm repo: storage.googleapis.com https://storage.googleapis.com/chartmuseum.jenkins-x.io
WARNING: No secrets found on "helm/repos" due: reading the secret "helm/repos" from vault: no secret "helm/repos" not found in vault
Read credentials for https://storage.googleapis.com/chartmuseum.jenkins-x.io from vault helm/repos
Successfully added Helm repository storage.googleapis.com.
Adding missing Helm repo: jenkins-x-chartmuseum http://jenkins-x-chartmuseum:8080
WARNING: No secrets found on "helm/repos" due: reading the secret "helm/repos" from vault: no secret "helm/repos" not found in vault
Read credentials for http://jenkins-x-chartmuseum:8080 from vault helm/repos
Successfully added Helm repository jenkins-x-chartmuseum.
WARNING: No $CHART_REPOSITORY defined so using the default value of: http://jenkins-x-chartmuseum:8080
Adding missing Helm repo: chartmuseum.jenkins-x.io http://chartmuseum.jenkins-x.io
WARNING: No secrets found on "helm/repos" due: reading the secret "helm/repos" from vault: no secret "helm/repos" not found in vault
Read credentials for http://chartmuseum.jenkins-x.io from vault helm/repos
Successfully added Helm repository chartmuseum.jenkins-x.io.

Showing logs for build [32mcb-kubecd-bdd-gh-1583398373-pr-lp9jk-1[0m stage [32mfrom-build-pack[0m and container [32mstep-promote-jx-preview[0m
Creating a preview
Created environment cb-kubecd-bdd-gh-1583398373-pr-1
Namespace **-cb-kubecd-bdd-gh-1583398373-pr-1 created 
expose:
  Annotations:
    helm.sh/hook: post-install,post-upgrade
    helm.sh/hook-delete-policy: hook-succeeded
  config:
    domain: 35.195.109.47.nip.io
    exposer: Ingress
    http: "true"
preview:
  image:
    repository: gcr.io/jenkins-x-bdd3/bdd-gh-1583398373
    tag: 0.0.0-SNAPSHOT-PR-1-1

Updating PipelineActivities cb-kubecd-bdd-gh-1583398373-pr-1-1 which has status Running
Preview application is now available at: http://bdd-gh-1583398373.**-cb-kubecd-bdd-gh-1583398373-pr-1.35.195.109.47.nip.io
